
> backend@1.0.0 dev
> nodemon server.js

[33m[nodemon] 3.1.11[39m
[33m[nodemon] to restart at any time, enter `rs`[39m
[33m[nodemon] watching path(s): *.*[39m
[33m[nodemon] watching extensions: js,mjs,cjs,json[39m
[32m[nodemon] starting `node server.js`[39m
[dotenv@17.2.3] injecting env (4) from .env -- tip: ⚙️  write to custom object with { processEnv: myObject }
Server running on port 5000
✅ MongoDB Connected: ac-lv9fopu-shard-00-00.jze4wzf.mongodb.net
[32m[nodemon] restarting due to changes...[39m
[32m[nodemon] starting `node server.js`[39m
[dotenv@17.2.3] injecting env (4) from .env -- tip: ⚙️  specify custom .env file path with { path: '/custom/path/.env' }
Server running on port 3001
✅ MongoDB Connected: ac-lv9fopu-shard-00-02.jze4wzf.mongodb.net
[32m[nodemon] restarting due to changes...[39m
[32m[nodemon] starting `node server.js`[39m
[dotenv@17.2.3] injecting env (4) from .env -- tip: 🔐 encrypt with Dotenvx: https://dotenvx.com
/Users/swarnimbalpande/Desktop/final-cp-algonauts/new1/backend/controllers/mentorController.js:478
    createNewContest,
    ^

ReferenceError: createNewContest is not defined
    at Object.<anonymous> (/Users/swarnimbalpande/Desktop/final-cp-algonauts/new1/backend/controllers/mentorController.js:478:5)
    at Module._compile (node:internal/modules/cjs/loader:1529:14)
    at Module._extensions..js (node:internal/modules/cjs/loader:1613:10)
    at Module.load (node:internal/modules/cjs/loader:1275:32)
    at Module._load (node:internal/modules/cjs/loader:1096:12)
    at Module.require (node:internal/modules/cjs/loader:1298:19)
    at require (node:internal/modules/helpers:182:18)
    at Object.<anonymous> (/Users/swarnimbalpande/Desktop/final-cp-algonauts/new1/backend/routes/mentor.js:13:5)
    at Module._compile (node:internal/modules/cjs/loader:1529:14)
    at Module._extensions..js (node:internal/modules/cjs/loader:1613:10)

Node.js v20.19.4
[31m[nodemon] app crashed - waiting for file changes before starting...[39m
[32m[nodemon] restarting due to changes...[39m
[32m[nodemon] starting `node server.js`[39m
[dotenv@17.2.3] injecting env (4) from .env -- tip: 📡 add observability to secrets: https://dotenvx.com/ops
/Users/swarnimbalpande/Desktop/final-cp-algonauts/new1/backend/controllers/mentorController.js:540
};
^

SyntaxError: Unexpected token '}'
    at wrapSafe (node:internal/modules/cjs/loader:1472:18)
    at Module._compile (node:internal/modules/cjs/loader:1501:20)
    at Module._extensions..js (node:internal/modules/cjs/loader:1613:10)
    at Module.load (node:internal/modules/cjs/loader:1275:32)
    at Module._load (node:internal/modules/cjs/loader:1096:12)
    at Module.require (node:internal/modules/cjs/loader:1298:19)
    at require (node:internal/modules/helpers:182:18)
    at Object.<anonymous> (/Users/swarnimbalpande/Desktop/final-cp-algonauts/new1/backend/routes/mentor.js:13:5)
    at Module._compile (node:internal/modules/cjs/loader:1529:14)
    at Module._extensions..js (node:internal/modules/cjs/loader:1613:10)

Node.js v20.19.4
[31m[nodemon] app crashed - waiting for file changes before starting...[39m
[32m[nodemon] restarting due to changes...[39m
[32m[nodemon] starting `node server.js`[39m
[dotenv@17.2.3] injecting env (4) from .env -- tip: 🔐 prevent building .env in docker: https://dotenvx.com/prebuild
/Users/swarnimbalpande/Desktop/final-cp-algonauts/new1/backend/controllers/mentorController.js:540
};
^

SyntaxError: Unexpected token '}'
    at wrapSafe (node:internal/modules/cjs/loader:1472:18)
    at Module._compile (node:internal/modules/cjs/loader:1501:20)
    at Module._extensions..js (node:internal/modules/cjs/loader:1613:10)
    at Module.load (node:internal/modules/cjs/loader:1275:32)
    at Module._load (node:internal/modules/cjs/loader:1096:12)
    at Module.require (node:internal/modules/cjs/loader:1298:19)
    at require (node:internal/modules/helpers:182:18)
    at Object.<anonymous> (/Users/swarnimbalpande/Desktop/final-cp-algonauts/new1/backend/routes/mentor.js:13:5)
    at Module._compile (node:internal/modules/cjs/loader:1529:14)
    at Module._extensions..js (node:internal/modules/cjs/loader:1613:10)

Node.js v20.19.4
[31m[nodemon] app crashed - waiting for file changes before starting...[39m
[32m[nodemon] restarting due to changes...[39m
[32m[nodemon] starting `node server.js`[39m
[dotenv@17.2.3] injecting env (4) from .env -- tip: 🛠️  run anywhere with `dotenvx run -- yourcommand`
/Users/swarnimbalpande/Desktop/final-cp-algonauts/new1/backend/controllers/mentorController.js:540
};
^

SyntaxError: Unexpected token '}'
    at wrapSafe (node:internal/modules/cjs/loader:1472:18)
    at Module._compile (node:internal/modules/cjs/loader:1501:20)
    at Module./Users/swarnimbalpande/Desktop/final-cp-algonauts/new1/backend/controllers/mentorController.js:540
};
^

SyntaxError: Unexpected token '}'
    at wrapSafe (node:internal/modules/cjs/loader:1472:18)
    at Module._compile (node:internal/modules/cjs/loader:1501:20)
    at Module._extensions..js (node:internal/modules/cjs/loader:1613:10)
    at Module.load (node:internal/modules/cjs/loader:1275:32)
    at Module._load (node:internal/modules/cjs/loader:1096:12)
    at Module.require (node:internal/modules/cjs/loader:1298:19)
    at require (node:internal/modules/helpers:[31m[nodemon] app crashed - waiting for file changes before starting...[39m
[32m[nodemon] restarting due to changes...[39m
[32m[nodemon] starting `node server.js`[39m
[dotenv@17.2.3] injecting env (4) from .env -- tip: ⚙️  override existing env vars with { override: true }
/Users/swarnimbalpande/Desktop/final-cp-algonauts/new1/backend/controllers/mentorController.js:540
};
^

SyntaxError: Unexpected token '}'
    at wrapSafe (node:internal/modules/cjs/loader:1472:18)
    at Module._compile (node:internal/modules/cjs/loader:1501:20)
    at Module._extensions..js (node:internal/modules/cjs/loader:1613:10)
    at Module.load (node:internal/modules/cjs/loader:1275:32)
    at Module._load (node:internal/modules/cjs/loader:1096:12)
    at Module.require (node:internal/modules/cjs/loader:1298:19)
    at require (node:internal/modules/helpers:182:18)
    at Object.<anonymous> (/Users/swarnimbalpande/Desktop/final-cp-algonauts/new1/backend/routes/mentor.js:15:5)
    at Module._compile (node:internal/modules/cjs/loader:1529:14)
    at Module._extensions..js (node:internal/modules/cjs/loader:1613:10)

Node.js v20.19.4
[31m[nodemon] app crashed - waiting for file changes before starting...[39m
[32m[nodemon] restarting due to changes...[39m
[32m[nodemon] starting `node server.js`[39m
[dotenv@17.2.3] injecting env (4) from .env -- tip: ⚙️  specify custom .env file path with { path: '/custom/path/.env' }
/Users/swarnimbalpande/Desktop/final-cp-algonauts/new1/backend/controllers/mentorController.js:540
};
^

SyntaxError: Unexpected token '}'
    at wrapSafe (node:internal/modules/cjs/loader:1472:18)
    at Module._compile (node:internal/modules/cjs/loader:1501:20)
    a/Users/swarnimbalpande/Desktop/final-cp-algonauts/new1/backend/controllers/mentorController.js:540
};
^

SyntaxError: Unexpected token '}'
    at wrapSafe (node:internal/modules/cjs/loader:1472:18)
    at Module._compile (node:internal/modules/cjs/loader:1501:20)
    at Module._extensions..js (node:internal/modules/cjs/loader:1613:10)
    at Module.load (node:internal/modules/cjs/loader:1275:32)
    at Module._load (node:internal/modules/cjs/loader:1096:12)
    at Module.require (node:internal/modules/cjs/loader:1298:19)
    at require (node:internal/modules/helpers:182:18)
    at Object.<anonymous> (/Users/swarnimbalpande/Desktop/final-cp-algonauts/ne[32m[nodemon] restarting due to changes...[39m
[32m[nodemon] starting `node server.js`[39m
[dotenv@17.2.3] injecting env (4) from .env -- tip: 🔑 add access controls to secrets: https://dotenvx.com/ops
/Users/swarnimbalpande/Desktop/final-cp-algonauts/new1/backend/controllers/mentorController.js:540
};
^

SyntaxError: Unexpected token '}'
    at wrapSafe (node:internal/modules/cjs/loader:1472:18)
    at Module._compile (node:internal/modules/cjs/loader:1501:20)
    at /Users/swarnimbalpande/Desktop/final-cp-algonauts/new1/backend/controllers/mentorController.js:540
};
^

SyntaxError: Unexpected token '}'
    at wrapSafe (node:internal/modules/cjs/loader:1472:18)
    at Module._compile (node:internal/modules/cjs/loader:1501:20)
    at Module._extensions..js (node:internal/modules/cjs/loader:1613:10)
    at Module.load (node:internal/modules/cjs/loader:1275:32)
    at Module._load (node:internal/modules/cjs/loader:1096:12)
    at Module.require (node:internal/modules/cjs/loader:1298:19)
    at require (node:internal/modules/helpers:182:18)[31m[nodemon] app crashed - waiting for file changes before starting...[39m
[32m[nodemon] restarting due to changes...[39m
[32m[nodemon] starting `node server.js`[39m
[dotenv@17.2.3] injecting env (4) from .env -- tip: ⚙️  suppress all logs with { quiet: true }
/Users/swarnimbalpande/Desktop/final-cp-algonauts/new1/backend/node_modules/router/lib/route.js:228
        throw new TypeError('argument handler must be a function')
        ^

TypeError: argument handler must be a function
    at Route.<computed> [as post] (/Users/swarnimbalpande/Desktop/final-cp-algonauts/new1/backend/node_modules/router/lib/route.js:228:15)
    at Router.<computed> [as post] (/Users/swarnimbalpande/Desktop/final-cp-algonauts/new1/backend/node_modules/router/index.js:448:19)
    at Object.<anonymous> (/Users/swarnimbalpande/Desktop/final-cp-algonauts/new1/backend/routes/mentor.js:31:8)
    at Module._compile (node:internal/modules/cjs/loader:1529:14)
    at Module._extensions..js (node:internal/modules/cjs/loader:1613:10)
    at Module.load (node:internal/modules/cjs/loader:1275:32)
    at Module._load (node:internal/modules/cjs/loader:1096:12)
    at Module.require (node:internal/modules/cjs/loader:1298:19)
    at require (node:internal/modules/helpers:182:18)
    at Object.<anonymous> (/Users/swarnimbalpande/Desktop/final-cp-algonauts/new1/backend/server.js:39:24)

Node.js v20.19.4
[31m[nodemon] app crashed - waiting for file changes before starting...[39m
[32m[nodemon] restarting due to changes...[39m
[32m[nodemon] starting `node server.js`[39m
[dotenv@17.2.3] injecting env (4) from .env -- tip: 🗂️ backup and recover secrets: https://dotenvx.com/ops
Server running on port 3001
✅ MongoDB Connected: ac-lv9fopu-shard-00-02.jze4wzf.mongodb.net
[32m[nodemon] restarting due to changes...[39m
[32m[nodemon] starting `node server.js`[39m
[dotenv@17.2.3] injecting env (4) from .env -- tip: 👥 sync secrets across teammates & machines: https://dotenvx.com/ops
Server running on port 3001
✅ MongoDB Connected: ac-lv9fopu-shard-00-02.jze4wzf.mongodb.net
[32m[nodemon] restarting due to changes...[39m
[32m[nodemon] starting `node server.js`[39m
[dotenv@17.2.3] injecting env (4) from .env -- tip: ⚙️  override existing env vars with { override: true }
Server running on port 3001
✅ MongoDB Connected: ac-lv9fopu-shard-00-01.jze4wzf.mongodb.net
tarting due to changes...[39m
[32m[nodemon] starting `node server.js`[39m
[dotenv@17.2.3] injecting env (4) from .env -- tip: ⚙️  write to custom object with { processEnv: myObject }
Server running on port 3001
✅ MongoDB Connected: ac-lv9fopu-shard-00-01.jze4wzf.mongodb.net
