[2025-12-30T19:03:47.533Z] Fetching queue for user: 695415623590f72a49bfe54b
[2025-12-30T19:03:47.647Z] Found 110 pending records in DB
[2025-12-30T19:03:47.648Z] Returning 110 items to frontend
[2025-12-30T19:03:47.662Z] Fetching queue for user: 695415623590f72a49bfe54b
[2025-12-30T19:03:47.759Z] Found 110 pending records in DB
[2025-12-30T19:03:47.762Z] Returning 110 items to frontend
[2025-12-30T19:03:47.787Z] Fetching queue for user: 695415623590f72a49bfe54b
[2025-12-30T19:03:48.146Z] Found 110 pending records in DB
[2025-12-30T19:03:48.146Z] Returning 110 items to frontend
[2025-12-30T19:03:48.163Z] Fetching queue for user: 695415623590f72a49bfe54b
[2025-12-30T19:03:48.269Z] Found 110 pending records in DB
[2025-12-30T19:03:48.269Z] Returning 110 items to frontend
[2025-12-30T19:07:04.307Z] Fetching queue for user: 695415623590f72a49bfe54b
[2025-12-30T19:07:04.455Z] Found 110 pending records in DB
[2025-12-30T19:07:04.456Z] Returning 110 items to frontend
[2025-12-30T19:07:04.480Z] Fetching queue for user: 695415623590f72a49bfe54b
[2025-12-30T19:07:04.733Z] Found 110 pending records in DB
[2025-12-30T19:07:04.734Z] Returning 110 items to frontend
[2025-12-30T19:07:04.777Z] Fetching queue for user: 695415623590f72a49bfe54b
[2025-12-30T19:07:05.309Z] Found 110 pending records in DB
[2025-12-30T19:07:05.309Z] Returning 110 items to frontend
[2025-12-30T19:07:05.337Z] Fetching queue for user: 695415623590f72a49bfe54b
[2025-12-30T19:07:05.428Z] Found 110 pending records in DB
[2025-12-30T19:07:05.429Z] Returning 110 items to frontend
[2025-12-30T22:44:18.301Z] Fetching queue for user: 695415623590f72a49bfe54b
[2025-12-30T22:44:18.368Z] Found 110 pending records in DB
[2025-12-30T22:44:18.368Z] Returning 110 items to frontend
[2025-12-30T22:44:18.379Z] Fetching queue for user: 695415623590f72a49bfe54b
[2025-12-30T22:44:18.432Z] Found 110 pending records in DB
[2025-12-30T22:44:18.432Z] Returning 110 items to frontend
[2025-12-30T22:44:18.445Z] Fetching queue for user: 695415623590f72a49bfe54b
[2025-12-30T22:44:18.508Z] Found 110 pending records in DB
[2025-12-30T22:44:18.508Z] Returning 110 items to frontend
[2025-12-30T22:44:18.521Z] Fetching queue for user: 695415623590f72a49bfe54b
[2025-12-30T22:44:18.582Z] Found 110 pending records in DB
[2025-12-30T22:44:18.583Z] Returning 110 items to frontend
[2025-12-31T07:26:26.207Z] Fetching queue for user: 695415623590f72a49bfe54b
[2025-12-31T07:26:26.309Z] Found 110 pending records in DB
[2025-12-31T07:26:26.309Z] Returning 110 items to frontend
[2025-12-31T07:26:26.321Z] Fetching queue for user: 695415623590f72a49bfe54b
[2025-12-31T07:26:26.382Z] Found 110 pending records in DB
[2025-12-31T07:26:26.383Z] Returning 110 items to frontend
[2025-12-31T07:26:48.673Z] [BulkUpsolve] Fetching precision data for cosmicnexus...
[2025-12-31T07:26:53.194Z] Contest 2163 (Codeforces Round 1063 (Div. 2)): Upsolve already done (Global: 1, Contest: 0)
[2025-12-31T07:26:53.195Z] Contest 2121 (Codeforces Round 1032 (Div. 3)): Upsolve already done (Global: 2, Contest: 0)
[2025-12-31T07:26:53.195Z] Contest 2111 (Educational Codeforces Round 179 (Rated for Div. 2)): Upsolve already done (Global: 2, Contest: 0)
[2025-12-31T07:26:53.195Z] Contest 2116 (Codeforces Round 1028 (Div. 2)): Upsolve already done (Global: 1, Contest: 0)
[2025-12-31T07:26:53.195Z] Contest 2106 (Codeforces Round 1020 (Div. 3)): Upsolve already done (Global: 2, Contest: 1)
[2025-12-31T07:26:53.195Z] Contest 2094 (Codeforces Round 1017 (Div. 4)): Upsolve already done (Global: 4, Contest: 1)
[2025-12-31T07:26:53.195Z] Contest 2093 (Codeforces Round 1016 (Div. 3)): Upsolve already done (Global: 3, Contest: 2)
[2025-12-31T07:26:53.195Z] Contest 2074 (Codeforces Round 1009 (Div. 3)): Upsolve already done (Global: 2, Contest: 1)
[2025-12-31T07:26:53.196Z] Precision Analysis Finished: 32 recommendations generated
[2025-12-31T07:26:53.274Z] BulkUpsolve Precision finished for user 695415623590f72a49bfe54b. Added 0 problems.
[2025-12-31T07:26:53.298Z] Fetching queue for user: 695415623590f72a49bfe54b
[2025-12-31T07:26:53.373Z] Found 110 pending records in DB
[2025-12-31T07:26:53.373Z] Returning 110 items to frontend
[2025-12-31T07:27:00.397Z] Fetching queue for user: 695415623590f72a49bfe54b
[2025-12-31T07:27:00.481Z] Found 110 pending records in DB
[2025-12-31T07:27:00.482Z] Returning 110 items to frontend
[2025-12-31T07:27:00.494Z] Fetching queue for user: 695415623590f72a49bfe54b
[2025-12-31T07:27:00.922Z] Found 110 pending records in DB
[2025-12-31T07:27:00.923Z] Returning 110 items to frontend
[2025-12-31T07:30:31.660Z] [BulkUpsolve] Starting strict precision sync for cosmicnexus
[2025-12-31T07:30:33.396Z] Contest 2182 (Educational Codeforces Round 186 (Rated for Div. 2)): Not Completed - Last solve at 2025-12-29T15:13:18.000Z (during/before end)
[2025-12-31T07:30:33.397Z] Contest 2178 (Good Bye 2025): Not Completed - Last solve at 2025-12-27T15:28:56.000Z (during/before end)
[2025-12-31T07:30:33.397Z] Contest 2180 (Codeforces Global Round 31 (Div. 1 + Div. 2)): Not Completed - Last solve at 2025-12-19T15:22:15.000Z (during/before end)
[2025-12-31T07:30:33.397Z] Contest 2175 (Codeforces Round 1069 (Div. 2)): Completed - Last solve was at 2025-12-07T11:11:29.000Z (after end)
[2025-12-31T07:30:33.398Z] Contest 2170 (Educational Codeforces Round 185 (Rated for Div. 2)): Not Completed - Last solve at 2025-11-28T14:51:18.000Z (during/before end)
[2025-12-31T07:30:33.398Z] Contest 2166 (Codeforces Round 1064 (Div. 2)): Not Completed - Last solve at 2025-11-16T15:55:50.000Z (during/before end)
[2025-12-31T07:30:33.398Z] Contest 2163 (Codeforces Round 1063 (Div. 2)): Completed - Last solve was at 2025-11-11T02:56:16.000Z (after end)
[2025-12-31T07:30:33.399Z] Contest 2161 (Pinely Round 5 (Div. 1 + Div. 2)): Not Completed - Last solve at 2025-10-30T17:18:53.000Z (during/before end)
[2025-12-31T07:30:33.399Z] Contest 2167 (Codeforces Round 1062 (Div. 4)): Not Completed - Last solve at 2025-10-28T15:30:46.000Z (during/before end)
[2025-12-31T07:30:33.399Z] Contest 2155 (Codeforces Round 1056 (Div. 2)): Not Completed - Last solve at 2025-10-05T18:00:25.000Z (during/before end)
[2025-12-31T07:30:33.399Z] Contest 2151 (Codeforces Round 1053 (Div. 2)): Not Completed - Last solve at 2025-09-24T12:02:57.000Z (during/before end)
[2025-12-31T07:30:33.399Z] Contest 2146 (Codeforces Round 1052 (Div. 2)): Not Completed - Last solve at 2025-09-21T15:03:41.000Z (during/before end)
[2025-12-31T07:30:33.399Z] Contest 2147 (Codeforces Global Round 29 (Div. 1 + Div. 2)): Not Completed - Last solve at 2025-09-20T15:01:28.000Z (during/before end)
[2025-12-31T07:30:33.399Z] Contest 2143 (Codeforces Round 1051 (Div. 2)): Completed - Last solve was at 2025-09-19T08:59:19.000Z (after end)
[2025-12-31T07:30:33.399Z] Contest 2144 (Educational Codeforces Round 182 (Rated for Div. 2)): Not Completed - Last solve at 2025-09-15T16:16:50.000Z (during/before end)
[2025-12-31T07:30:33.399Z] Contest 2148 (Codeforces Round 1050 (Div. 4)): Not Completed - Last solve at 2025-09-13T15:39:41.000Z (during/before end)
[2025-12-31T07:30:33.399Z] Contest 2136 (Codeforces Round 1046 (Div. 2)): Not Completed - Last solve at 2025-08-28T15:33:50.000Z (during/before end)
[2025-12-31T07:30:33.399Z] Contest 2134 (Codeforces Round 1045 (Div. 2)): Not Completed - Last solve at 2025-08-26T15:10:53.000Z (during/before end)
[2025-12-31T07:30:33.399Z] Contest 2133 (Codeforces Round 1044 (Div. 2)): Not Completed - Last solve at 2025-08-24T15:45:18.000Z (during/before end)
[2025-12-31T07:30:33.399Z] Contest 2131 (Codeforces Round 1042 (Div. 3)): Not Completed - Last solve at 2025-08-10T16:26:49.000Z (during/before end)
[2025-12-31T07:30:33.400Z] Contest 2127 (Atto Round 1 (Codeforces Round 1041, Div. 1 + Div. 2)): Not Completed - Last solve at 2025-08-07T15:05:04.000Z (during/before end)
[2025-12-31T07:30:33.400Z] Contest 2125 (Educational Codeforces Round 181 (Rated for Div. 2)): Not Completed - Last solve at 2025-07-22T14:46:24.000Z (during/before end)
[2025-12-31T07:30:33.400Z] Contest 2123 (Codeforces Round 1034 (Div. 3)): Not Completed - Last solve at 2025-07-01T14:59:10.000Z (during/before end)
[2025-12-31T07:30:33.400Z] Contest 2112 (Educational Codeforces Round 180 (Rated for Div. 2)): Not Completed - Last solve at 2025-06-23T14:56:02.000Z (during/before end)
[2025-12-31T07:30:33.400Z] Contest 2120 (Codeforces Round 1033 (Div. 2) and CodeNite 2025): Not Completed - Last solve at 2025-06-21T16:01:39.000Z (during/before end)
[2025-12-31T07:30:33.400Z] Contest 2121 (Codeforces Round 1032 (Div. 3)): Completed - Last solve was at 2025-12-09T07:06:48.000Z (after end)
[2025-12-31T07:30:33.400Z] Contest 2113 (Codeforces Round 1031 (Div. 2)): Not Completed - Last solve at 2025-06-15T09:28:56.000Z (during/before end)
[2025-12-31T07:30:33.400Z] Contest 2118 (Codeforces Round 1030 (Div. 2)): Not Completed - Last solve at 2025-06-12T15:15:37.000Z (during/before end)
[2025-12-31T07:30:33.400Z] Contest 2117 (Codeforces Round 1029 (Div. 3)): Not Completed - Last solve at 2025-06-08T14:56:34.000Z (during/before end)
[2025-12-31T07:30:33.400Z] Contest 2111 (Educational Codeforces Round 179 (Rated for Div. 2)): Completed - Last solve was at 2025-06-04T08:59:25.000Z (after end)
[2025-12-31T07:30:33.400Z] Contest 2116 (Codeforces Round 1028 (Div. 2)): Completed - Last solve was at 2025-06-02T01:27:52.000Z (after end)
[2025-12-31T07:30:33.400Z] Contest 2109 (Codeforces Round 1025 (Div. 2)): Not Completed - Last solve at 2025-05-17T15:06:27.000Z (during/before end)
[2025-12-31T07:30:33.400Z] Contest 2107 (Codeforces Round 1023 (Div. 2)): Not Completed - Last solve at Never (during/before end)
[2025-12-31T07:30:33.400Z] Contest 2108 (Codeforces Round 1022 (Div. 2)): Not Completed - Last solve at 2025-05-01T15:02:28.000Z (during/before end)
[2025-12-31T07:30:33.400Z] Contest 2104 (Educational Codeforces Round 178 (Rated for Div. 2)): Not Completed - Last solve at 2025-04-28T16:32:05.000Z (during/before end)
[2025-12-31T07:30:33.400Z] Contest 2098 (Codeforces Round 1021 (Div. 2)): Not Completed - Last solve at 2025-04-26T10:00:00.000Z (during/before end)
[2025-12-31T07:30:33.400Z] Contest 2106 (Codeforces Round 1020 (Div. 3)): Completed - Last solve was at 2025-04-24T17:00:42.000Z (after end)
[2025-12-31T07:30:33.401Z] Contest 2103 (Codeforces Round 1019 (Div. 2)): Not Completed - Last solve at 2025-04-21T15:00:15.000Z (during/before end)
[2025-12-31T07:30:33.401Z] Contest 2094 (Codeforces Round 1017 (Div. 4)): Completed - Last solve was at 2025-12-08T11:56:10.000Z (after end)
[2025-12-31T07:30:33.401Z] Contest 2093 (Codeforces Round 1016 (Div. 3)): Completed - Last solve was at 2025-11-08T17:39:49.000Z (after end)
[2025-12-31T07:30:33.401Z] Contest 2074 (Codeforces Round 1009 (Div. 3)): Completed - Last solve was at 2025-05-21T15:17:38.000Z (after end)
[2025-12-31T07:30:33.401Z] Contest 2072 (Codeforces Round 1006 (Div. 3)): Not Completed - Last solve at 2025-02-25T16:21:07.000Z (during/before end)
[2025-12-31T07:30:33.525Z] BulkUpsolve Strict Logic finished. Added: 0, Synced: 9
[2025-12-31T07:30:33.553Z] Fetching queue for user: 695415623590f72a49bfe54b
[2025-12-31T07:30:33.617Z] Found 101 pending records in DB
[2025-12-31T07:30:33.618Z] Returning 101 items to frontend
[2025-12-31T07:30:50.289Z] [BulkUpsolve] Starting strict precision sync for cosmicnexus
[2025-12-31T07:30:51.063Z] Contest 2182 (Educational Codeforces Round 186 (Rated for Div. 2)): Not Completed - Last solve at 2025-12-29T15:13:18.000Z (during/before end)
[2025-12-31T07:30:51.063Z] Contest 2178 (Good Bye 2025): Not Completed - Last solve at 2025-12-27T15:28:56.000Z (during/before end)
[2025-12-31T07:30:51.064Z] Contest 2180 (Codeforces Global Round 31 (Div. 1 + Div. 2)): Not Completed - Last solve at 2025-12-19T15:22:15.000Z (during/before end)
[2025-12-31T07:30:51.064Z] Contest 2175 (Codeforces Round 1069 (Div. 2)): Completed - Last solve was at 2025-12-07T11:11:29.000Z (after end)
[2025-12-31T07:30:51.064Z] Contest 2170 (Educational Codeforces Round 185 (Rated for Div. 2)): Not Completed - Last solve at 2025-11-28T14:51:18.000Z (during/before end)
[2025-12-31T07:30:51.064Z] Contest 2166 (Codeforces Round 1064 (Div. 2)): Not Completed - Last solve at 2025-11-16T15:55:50.000Z (during/before end)
[2025-12-31T07:30:51.064Z] Contest 2163 (Codeforces Round 1063 (Div. 2)): Completed - Last solve was at 2025-11-11T02:56:16.000Z (after end)
[2025-12-31T07:30:51.064Z] Contest 2161 (Pinely Round 5 (Div. 1 + Div. 2)): Not Completed - Last solve at 2025-10-30T17:18:53.000Z (during/before end)
[2025-12-31T07:30:51.064Z] Contest 2167 (Codeforces Round 1062 (Div. 4)): Not Completed - Last solve at 2025-10-28T15:30:46.000Z (during/before end)
[2025-12-31T07:30:51.064Z] Contest 2155 (Codeforces Round 1056 (Div. 2)): Not Completed - Last solve at 2025-10-05T18:00:25.000Z (during/before end)
[2025-12-31T07:30:51.064Z] Contest 2151 (Codeforces Round 1053 (Div. 2)): Not Completed - Last solve at 2025-09-24T12:02:57.000Z (during/before end)
[2025-12-31T07:30:51.065Z] Contest 2146 (Codeforces Round 1052 (Div. 2)): Not Completed - Last solve at 2025-09-21T15:03:41.000Z (during/before end)
[2025-12-31T07:30:51.065Z] Contest 2147 (Codeforces Global Round 29 (Div. 1 + Div. 2)): Not Completed - Last solve at 2025-09-20T15:01:28.000Z (during/before end)
[2025-12-31T07:30:51.065Z] Contest 2143 (Codeforces Round 1051 (Div. 2)): Completed - Last solve was at 2025-09-19T08:59:19.000Z (after end)
[2025-12-31T07:30:51.065Z] Contest 2144 (Educational Codeforces Round 182 (Rated for Div. 2)): Not Completed - Last solve at 2025-09-15T16:16:50.000Z (during/before end)
[2025-12-31T07:30:51.065Z] Contest 2148 (Codeforces Round 1050 (Div. 4)): Not Completed - Last solve at 2025-09-13T15:39:41.000Z (during/before end)
[2025-12-31T07:30:51.065Z] Contest 2136 (Codeforces Round 1046 (Div. 2)): Not Completed - Last solve at 2025-08-28T15:33:50.000Z (during/before end)
[2025-12-31T07:30:51.065Z] Contest 2134 (Codeforces Round 1045 (Div. 2)): Not Completed - Last solve at 2025-08-26T15:10:53.000Z (during/before end)
[2025-12-31T07:30:51.065Z] Contest 2133 (Codeforces Round 1044 (Div. 2)): Not Completed - Last solve at 2025-08-24T15:45:18.000Z (during/before end)
[2025-12-31T07:30:51.065Z] Contest 2131 (Codeforces Round 1042 (Div. 3)): Not Completed - Last solve at 2025-08-10T16:26:49.000Z (during/before end)
[2025-12-31T07:30:51.065Z] Contest 2127 (Atto Round 1 (Codeforces Round 1041, Div. 1 + Div. 2)): Not Completed - Last solve at 2025-08-07T15:05:04.000Z (during/before end)
[2025-12-31T07:30:51.065Z] Contest 2125 (Educational Codeforces Round 181 (Rated for Div. 2)): Not Completed - Last solve at 2025-07-22T14:46:24.000Z (during/before end)
[2025-12-31T07:30:51.065Z] Contest 2123 (Codeforces Round 1034 (Div. 3)): Not Completed - Last solve at 2025-07-01T14:59:10.000Z (during/before end)
[2025-12-31T07:30:51.065Z] Contest 2112 (Educational Codeforces Round 180 (Rated for Div. 2)): Not Completed - Last solve at 2025-06-23T14:56:02.000Z (during/before end)
[2025-12-31T07:30:51.065Z] Contest 2120 (Codeforces Round 1033 (Div. 2) and CodeNite 2025): Not Completed - Last solve at 2025-06-21T16:01:39.000Z (during/before end)
[2025-12-31T07:30:51.065Z] Contest 2121 (Codeforces Round 1032 (Div. 3)): Completed - Last solve was at 2025-12-09T07:06:48.000Z (after end)
[2025-12-31T07:30:51.065Z] Contest 2113 (Codeforces Round 1031 (Div. 2)): Not Completed - Last solve at 2025-06-15T09:28:56.000Z (during/before end)
[2025-12-31T07:30:51.065Z] Contest 2118 (Codeforces Round 1030 (Div. 2)): Not Completed - Last solve at 2025-06-12T15:15:37.000Z (during/before end)
[2025-12-31T07:30:51.066Z] Contest 2117 (Codeforces Round 1029 (Div. 3)): Not Completed - Last solve at 2025-06-08T14:56:34.000Z (during/before end)
[2025-12-31T07:30:51.066Z] Contest 2111 (Educational Codeforces Round 179 (Rated for Div. 2)): Completed - Last solve was at 2025-06-04T08:59:25.000Z (after end)
[2025-12-31T07:30:51.066Z] Contest 2116 (Codeforces Round 1028 (Div. 2)): Completed - Last solve was at 2025-06-02T01:27:52.000Z (after end)
[2025-12-31T07:30:51.066Z] Contest 2109 (Codeforces Round 1025 (Div. 2)): Not Completed - Last solve at 2025-05-17T15:06:27.000Z (during/before end)
[2025-12-31T07:30:51.066Z] Contest 2107 (Codeforces Round 1023 (Div. 2)): Not Completed - Last solve at Never (during/before end)
[2025-12-31T07:30:51.066Z] Contest 2108 (Codeforces Round 1022 (Div. 2)): Not Completed - Last solve at 2025-05-01T15:02:28.000Z (during/before end)
[2025-12-31T07:30:51.066Z] Contest 2104 (Educational Codeforces Round 178 (Rated for Div. 2)): Not Completed - Last solve at 2025-04-28T16:32:05.000Z (during/before end)
[2025-12-31T07:30:51.066Z] Contest 2098 (Codeforces Round 1021 (Div. 2)): Not Completed - Last solve at 2025-04-26T10:00:00.000Z (during/before end)
[2025-12-31T07:30:51.066Z] Contest 2106 (Codeforces Round 1020 (Div. 3)): Completed - Last solve was at 2025-04-24T17:00:42.000Z (after end)
[2025-12-31T07:30:51.066Z] Contest 2103 (Codeforces Round 1019 (Div. 2)): Not Completed - Last solve at 2025-04-21T15:00:15.000Z (during/before end)
[2025-12-31T07:30:51.066Z] Contest 2094 (Codeforces Round 1017 (Div. 4)): Completed - Last solve was at 2025-12-08T11:56:10.000Z (after end)
[2025-12-31T07:30:51.066Z] Contest 2093 (Codeforces Round 1016 (Div. 3)): Completed - Last solve was at 2025-11-08T17:39:49.000Z (after end)
[2025-12-31T07:30:51.066Z] Contest 2074 (Codeforces Round 1009 (Div. 3)): Completed - Last solve was at 2025-05-21T15:17:38.000Z (after end)
[2025-12-31T07:30:51.066Z] Contest 2072 (Codeforces Round 1006 (Div. 3)): Not Completed - Last solve at 2025-02-25T16:21:07.000Z (during/before end)
[2025-12-31T07:30:51.067Z] BulkUpsolve Strict Logic finished. Added: 0, Synced: 0
[2025-12-31T07:30:51.090Z] Fetching queue for user: 695415623590f72a49bfe54b
[2025-12-31T07:30:51.134Z] Found 101 pending records in DB
[2025-12-31T07:30:51.135Z] Returning 101 items to frontend
[2025-12-31T07:32:22.452Z] Fetching queue for user: 695415623590f72a49bfe54b
[2025-12-31T07:32:22.523Z] Found 101 pending records in DB
[2025-12-31T07:32:22.524Z] Returning 101 items to frontend
[2025-12-31T07:32:22.537Z] Fetching queue for user: 695415623590f72a49bfe54b
[2025-12-31T07:32:22.603Z] Found 101 pending records in DB
[2025-12-31T07:32:22.603Z] Returning 101 items to frontend
[2025-12-31T07:32:29.263Z] [BulkUpsolve] Starting strict precision sync for cosmicnexus
[2025-12-31T07:32:30.943Z] Contest 2182 (Educational Codeforces Round 186 (Rated for Div. 2)): Required. Syncing solved items...
[2025-12-31T07:32:30.943Z] Contest 2178 (Good Bye 2025): Required. Syncing solved items...
[2025-12-31T07:32:30.944Z] Contest 2180 (Codeforces Global Round 31 (Div. 1 + Div. 2)): Required. Syncing solved items...
[2025-12-31T07:32:30.944Z] Contest 2175 (Codeforces Round 1069 (Div. 2)): Completed. Syncing...
[2025-12-31T07:32:30.944Z] Contest 2170 (Educational Codeforces Round 185 (Rated for Div. 2)): Required. Syncing solved items...
[2025-12-31T07:32:30.944Z] Contest 2166 (Codeforces Round 1064 (Div. 2)): Required. Syncing solved items...
[2025-12-31T07:32:30.944Z] Contest 2163 (Codeforces Round 1063 (Div. 2)): Completed. Syncing...
[2025-12-31T07:32:30.944Z] Contest 2161 (Pinely Round 5 (Div. 1 + Div. 2)): Required. Syncing solved items...
[2025-12-31T07:32:30.945Z] Contest 2167 (Codeforces Round 1062 (Div. 4)): Required. Syncing solved items...
[2025-12-31T07:32:30.945Z] Contest 2155 (Codeforces Round 1056 (Div. 2)): Required. Syncing solved items...
[2025-12-31T07:32:30.945Z] Contest 2151 (Codeforces Round 1053 (Div. 2)): Required. Syncing solved items...
[2025-12-31T07:32:30.945Z] Contest 2146 (Codeforces Round 1052 (Div. 2)): Required. Syncing solved items...
[2025-12-31T07:32:30.945Z] Contest 2147 (Codeforces Global Round 29 (Div. 1 + Div. 2)): Required. Syncing solved items...
[2025-12-31T07:32:30.945Z] Contest 2143 (Codeforces Round 1051 (Div. 2)): Completed. Syncing...
[2025-12-31T07:32:30.945Z] Contest 2144 (Educational Codeforces Round 182 (Rated for Div. 2)): Required. Syncing solved items...
[2025-12-31T07:32:30.947Z] Contest 2148 (Codeforces Round 1050 (Div. 4)): Required. Syncing solved items...
[2025-12-31T07:32:30.947Z] Contest 2136 (Codeforces Round 1046 (Div. 2)): Required. Syncing solved items...
[2025-12-31T07:32:30.947Z] Contest 2134 (Codeforces Round 1045 (Div. 2)): Required. Syncing solved items...
[2025-12-31T07:32:30.947Z] Contest 2133 (Codeforces Round 1044 (Div. 2)): Required. Syncing solved items...
[2025-12-31T07:32:30.947Z] Contest 2131 (Codeforces Round 1042 (Div. 3)): Required. Syncing solved items...
[2025-12-31T07:32:30.947Z] Contest 2127 (Atto Round 1 (Codeforces Round 1041, Div. 1 + Div. 2)): Required. Syncing solved items...
[2025-12-31T07:32:30.948Z] Contest 2125 (Educational Codeforces Round 181 (Rated for Div. 2)): Required. Syncing solved items...
[2025-12-31T07:32:30.948Z] Contest 2123 (Codeforces Round 1034 (Div. 3)): Required. Syncing solved items...
[2025-12-31T07:32:30.948Z] Contest 2112 (Educational Codeforces Round 180 (Rated for Div. 2)): Required. Syncing solved items...
[2025-12-31T07:32:30.948Z] Contest 2120 (Codeforces Round 1033 (Div. 2) and CodeNite 2025): Required. Syncing solved items...
[2025-12-31T07:32:30.948Z] Contest 2121 (Codeforces Round 1032 (Div. 3)): Completed. Syncing...
[2025-12-31T07:32:30.948Z] Contest 2113 (Codeforces Round 1031 (Div. 2)): Required. Syncing solved items...
[2025-12-31T07:32:30.948Z] Contest 2118 (Codeforces Round 1030 (Div. 2)): Required. Syncing solved items...
[2025-12-31T07:32:30.948Z] Contest 2117 (Codeforces Round 1029 (Div. 3)): Required. Syncing solved items...
[2025-12-31T07:32:30.948Z] Contest 2111 (Educational Codeforces Round 179 (Rated for Div. 2)): Completed. Syncing...
[2025-12-31T07:32:30.948Z] Contest 2116 (Codeforces Round 1028 (Div. 2)): Completed. Syncing...
[2025-12-31T07:32:30.948Z] Contest 2109 (Codeforces Round 1025 (Div. 2)): Required. Syncing solved items...
[2025-12-31T07:32:30.948Z] Contest 2107 (Codeforces Round 1023 (Div. 2)): Required. Syncing solved items...
[2025-12-31T07:32:30.948Z] Contest 2108 (Codeforces Round 1022 (Div. 2)): Required. Syncing solved items...
[2025-12-31T07:32:30.948Z] Contest 2104 (Educational Codeforces Round 178 (Rated for Div. 2)): Required. Syncing solved items...
[2025-12-31T07:32:30.948Z] Contest 2098 (Codeforces Round 1021 (Div. 2)): Required. Syncing solved items...
[2025-12-31T07:32:30.949Z] Contest 2106 (Codeforces Round 1020 (Div. 3)): Completed. Syncing...
[2025-12-31T07:32:30.949Z] Contest 2103 (Codeforces Round 1019 (Div. 2)): Required. Syncing solved items...
[2025-12-31T07:32:30.949Z] Contest 2094 (Codeforces Round 1017 (Div. 4)): Completed. Syncing...
[2025-12-31T07:32:30.949Z] Contest 2093 (Codeforces Round 1016 (Div. 3)): Completed. Syncing...
[2025-12-31T07:32:30.949Z] Contest 2074 (Codeforces Round 1009 (Div. 3)): Completed. Syncing...
[2025-12-31T07:32:30.949Z] Contest 2072 (Codeforces Round 1006 (Div. 3)): Required. Syncing solved items...
[2025-12-31T07:32:30.971Z] BulkUpsolve Strict Logic finished. Added: 0, Synced: 1
[2025-12-31T07:32:31.010Z] Fetching queue for user: 695415623590f72a49bfe54b
[2025-12-31T07:32:31.083Z] Found 100 pending records in DB
[2025-12-31T07:32:31.084Z] Returning 100 items to frontend
[2025-12-31T07:34:20.612Z] [BulkUpsolve] Starting strict focus sync for cosmicnexus
[2025-12-31T07:34:22.778Z] BulkUpsolve Focused Sync finished. Added: 0, Trashed/Synced: 70
[2025-12-31T07:34:22.820Z] Fetching queue for user: 695415623590f72a49bfe54b
[2025-12-31T07:34:22.850Z] Found 30 pending records in DB
[2025-12-31T07:34:22.851Z] Returning 30 items to frontend
[2025-12-31T07:41:25.736Z] Fetching queue for user: 695415623590f72a49bfe54b
[2025-12-31T07:41:25.787Z] Found 29 pending records in DB
[2025-12-31T07:41:25.787Z] Returning 29 items to frontend
[2025-12-31T07:44:06.905Z] Fetching queue for user: 695415623590f72a49bfe54b
[2025-12-31T07:44:06.958Z] Found 29 pending records in DB
[2025-12-31T07:44:06.959Z] Returning 29 items to frontend
[2025-12-31T07:44:07.010Z] Fetching queue for user: 695415623590f72a49bfe54b
[2025-12-31T07:44:07.039Z] Found 29 pending records in DB
[2025-12-31T07:44:07.040Z] Returning 29 items to frontend
[2025-12-31T07:44:20.211Z] [BulkUpsolve] Starting strict focus sync for cosmicnexus
[2025-12-31T07:44:22.012Z] BulkUpsolve Focused Sync finished. Added: 0, Trashed/Synced: 0
[2025-12-31T07:44:22.049Z] Fetching queue for user: 695415623590f72a49bfe54b
[2025-12-31T07:44:22.084Z] Found 29 pending records in DB
[2025-12-31T07:44:22.085Z] Returning 29 items to frontend
[2025-12-31T07:45:53.101Z] [BulkUpsolve] Starting strict focus sync for cosmicnexus
[2025-12-31T07:45:54.929Z] BulkUpsolve Focused Sync finished. Added: 0, Trashed/Synced: 0
[2025-12-31T07:45:54.959Z] Fetching queue for user: 695415623590f72a49bfe54b
[2025-12-31T07:45:54.996Z] Found 29 pending records in DB
[2025-12-31T07:45:54.998Z] Returning 29 items to frontend
[2025-12-31T07:56:51.110Z] [BulkUpsolve] Starting strict focus sync for cosmicnexus
[2025-12-31T07:56:52.857Z] BulkUpsolve Focused Sync finished. Added: 0, Trashed/Synced: 0
[2025-12-31T07:56:52.885Z] Fetching queue for user: 695415623590f72a49bfe54b
[2025-12-31T07:56:52.926Z] Found 29 pending records in DB
[2025-12-31T07:56:52.926Z] Returning 29 items to frontend
[2025-12-31T07:57:13.021Z] [BulkUpsolve] Starting strict focus sync for cosmicnexus
[2025-12-31T07:57:13.901Z] BulkUpsolve Focused Sync finished. Added: 0, Trashed/Synced: 0
[2025-12-31T07:57:13.936Z] Fetching queue for user: 695415623590f72a49bfe54b
[2025-12-31T07:57:13.969Z] Found 29 pending records in DB
[2025-12-31T07:57:13.970Z] Returning 29 items to frontend
[2025-12-31T07:59:08.219Z] Fetching queue for user: 695415623590f72a49bfe54b
[2025-12-31T07:59:08.255Z] Found 29 pending records in DB
[2025-12-31T07:59:08.255Z] Returning 29 items to frontend
[2025-12-31T07:59:08.267Z] Fetching queue for user: 695415623590f72a49bfe54b
[2025-12-31T07:59:08.293Z] Found 29 pending records in DB
[2025-12-31T07:59:08.293Z] Returning 29 items to frontend
[2025-12-31T07:59:10.377Z] Fetching queue for user: 695415623590f72a49bfe54b
[2025-12-31T07:59:10.404Z] Found 29 pending records in DB
[2025-12-31T07:59:10.404Z] Returning 29 items to frontend
[2025-12-31T07:59:10.421Z] Fetching queue for user: 695415623590f72a49bfe54b
[2025-12-31T07:59:10.453Z] Found 29 pending records in DB
[2025-12-31T07:59:10.454Z] Returning 29 items to frontend
[2025-12-31T07:59:12.158Z] [BulkUpsolve] Starting strict focus sync for cosmicnexus
[2025-12-31T07:59:13.913Z] BulkUpsolve Focused Sync finished. Added: 0, Trashed/Synced: 0
[2025-12-31T07:59:13.930Z] Fetching queue for user: 695415623590f72a49bfe54b
[2025-12-31T07:59:13.963Z] Found 29 pending records in DB
[2025-12-31T07:59:13.964Z] Returning 29 items to frontend
[2025-12-31T07:59:15.340Z] Fetching queue for user: 695415623590f72a49bfe54b
[2025-12-31T07:59:15.383Z] Found 29 pending records in DB
[2025-12-31T07:59:15.383Z] Returning 29 items to frontend
[2025-12-31T07:59:15.398Z] Fetching queue for user: 695415623590f72a49bfe54b
[2025-12-31T07:59:15.427Z] Found 29 pending records in DB
[2025-12-31T07:59:15.427Z] Returning 29 items to frontend
[2025-12-31T07:59:15.866Z] Fetching queue for user: 695415623590f72a49bfe54b
[2025-12-31T07:59:15.911Z] Found 29 pending records in DB
[2025-12-31T07:59:15.911Z] Returning 29 items to frontend
[2025-12-31T07:59:15.930Z] Fetching queue for user: 695415623590f72a49bfe54b
[2025-12-31T07:59:15.995Z] Found 29 pending records in DB
[2025-12-31T07:59:15.996Z] Returning 29 items to frontend
[2025-12-31T08:07:49.936Z] Fetching queue for user: 695415623590f72a49bfe54b
[2025-12-31T08:07:49.964Z] Found 31 pending records in DB
[2025-12-31T08:07:49.964Z] Returning 31 items to frontend
[2025-12-31T08:07:49.976Z] Fetching queue for user: 695415623590f72a49bfe54b
[2025-12-31T08:07:50.004Z] Found 31 pending records in DB
[2025-12-31T08:07:50.005Z] Returning 31 items to frontend
[2025-12-31T08:09:12.363Z] Fetching queue for user: 695415623590f72a49bfe54b
[2025-12-31T08:09:12.394Z] Found 31 pending records in DB
[2025-12-31T08:09:12.394Z] Returning 31 items to frontend
[2025-12-31T08:09:21.216Z] [BulkUpsolve] Starting strict focus sync for cosmicnexus
[2025-12-31T08:09:22.962Z] BulkUpsolve Focused Sync finished. Added: 0, Trashed/Synced: 2
[2025-12-31T08:09:22.985Z] Fetching queue for user: 695415623590f72a49bfe54b
[2025-12-31T08:09:23.009Z] Found 29 pending records in DB
[2025-12-31T08:09:23.010Z] Returning 29 items to frontend
[2025-12-31T08:09:52.651Z] Fetching queue for user: 695415623590f72a49bfe54b
[2025-12-31T08:09:52.679Z] Found 29 pending records in DB
[2025-12-31T08:09:52.680Z] Returning 29 items to frontend
[2025-12-31T08:09:52.701Z] Fetching queue for user: 695415623590f72a49bfe54b
[2025-12-31T08:09:52.733Z] Found 29 pending records in DB
[2025-12-31T08:09:52.733Z] Returning 29 items to frontend
[2025-12-31T08:11:47.429Z] Fetching queue for user: 695415623590f72a49bfe54b
[2025-12-31T08:11:47.486Z] Found 29 pending records in DB
[2025-12-31T08:11:47.486Z] Returning 29 items to frontend
[2025-12-31T08:11:47.496Z] Fetching queue for user: 695415623590f72a49bfe54b
[2025-12-31T08:11:47.538Z] Found 29 pending records in DB
[2025-12-31T08:11:47.538Z] Returning 29 items to frontend
[2025-12-31T08:12:57.065Z] Fetching queue for user: 695415623590f72a49bfe54b
[2025-12-31T08:12:57.106Z] Found 30 pending records in DB
[2025-12-31T08:12:57.107Z] Returning 30 items to frontend
[2025-12-31T08:13:01.427Z] [BulkUpsolve] Starting strict focus sync for cosmicnexus
[2025-12-31T08:13:03.295Z] BulkUpsolve Focused Sync finished. Added: 0, Trashed/Synced: 1
[2025-12-31T08:13:03.315Z] Fetching queue for user: 695415623590f72a49bfe54b
[2025-12-31T08:13:03.337Z] Found 29 pending records in DB
[2025-12-31T08:13:03.337Z] Returning 29 items to frontend
[2025-12-31T08:13:29.343Z] Fetching queue for user: 695415623590f72a49bfe54b
[2025-12-31T08:13:29.397Z] Found 29 pending records in DB
[2025-12-31T08:13:29.397Z] Returning 29 items to frontend
[2025-12-31T08:16:52.782Z] Fetching queue for user: 695415623590f72a49bfe54b
[2025-12-31T08:16:52.829Z] Found 29 pending records in DB
[2025-12-31T08:16:52.829Z] Returning 29 items to frontend
[2025-12-31T08:16:55.169Z] Fetching queue for user: 695415623590f72a49bfe54b
[2025-12-31T08:16:55.208Z] Found 29 pending records in DB
[2025-12-31T08:16:55.208Z] Returning 29 items to frontend
[2025-12-31T08:17:05.569Z] Fetching queue for user: 695415623590f72a49bfe54b
[2025-12-31T08:17:05.597Z] Found 29 pending records in DB
[2025-12-31T08:17:05.597Z] Returning 29 items to frontend
[2025-12-31T08:17:28.362Z] Fetching queue for user: 695415623590f72a49bfe54b
[2025-12-31T08:17:28.405Z] Found 29 pending records in DB
[2025-12-31T08:17:28.408Z] Returning 29 items to frontend
[2025-12-31T08:17:28.423Z] Fetching queue for user: 695415623590f72a49bfe54b
[2025-12-31T08:17:28.465Z] Found 29 pending records in DB
[2025-12-31T08:17:28.465Z] Returning 29 items to frontend
[2025-12-31T08:17:37.957Z] Fetching queue for user: 695415623590f72a49bfe54b
[2025-12-31T08:17:37.980Z] Found 29 pending records in DB
[2025-12-31T08:17:37.980Z] Returning 29 items to frontend
[2025-12-31T08:17:39.907Z] Fetching queue for user: 695415623590f72a49bfe54b
[2025-12-31T08:17:39.958Z] Found 29 pending records in DB
[2025-12-31T08:17:39.958Z] Returning 29 items to frontend
[2025-12-31T08:18:08.864Z] Fetching queue for user: 695415623590f72a49bfe54b
[2025-12-31T08:18:08.893Z] Found 29 pending records in DB
[2025-12-31T08:18:08.893Z] Returning 29 items to frontend
[2025-12-31T08:18:41.649Z] Fetching queue for user: 695415623590f72a49bfe54b
[2025-12-31T08:18:41.685Z] Found 29 pending records in DB
[2025-12-31T08:18:41.685Z] Returning 29 items to frontend
[2025-12-31T08:18:43.034Z] Fetching queue for user: 695415623590f72a49bfe54b
[2025-12-31T08:18:43.060Z] Found 29 pending records in DB
[2025-12-31T08:18:43.061Z] Returning 29 items to frontend
[2025-12-31T08:18:44.012Z] Fetching queue for user: 695415623590f72a49bfe54b
[2025-12-31T08:18:44.042Z] Found 29 pending records in DB
[2025-12-31T08:18:44.043Z] Returning 29 items to frontend
[2025-12-31T08:18:44.824Z] Fetching queue for user: 695415623590f72a49bfe54b
[2025-12-31T08:18:44.866Z] Found 29 pending records in DB
[2025-12-31T08:18:44.866Z] Returning 29 items to frontend
[2025-12-31T08:20:29.797Z] Fetching queue for user: 695415623590f72a49bfe54b
[2025-12-31T08:20:29.847Z] Found 29 pending records in DB
[2025-12-31T08:20:29.848Z] Returning 29 items to frontend
[2025-12-31T08:20:29.861Z] Fetching queue for user: 695415623590f72a49bfe54b
[2025-12-31T08:20:29.888Z] Found 29 pending records in DB
[2025-12-31T08:20:29.889Z] Returning 29 items to frontend
[2025-12-31T08:20:29.956Z] Fetching queue for user: 695415623590f72a49bfe54b
[2025-12-31T08:20:29.996Z] Found 29 pending records in DB
[2025-12-31T08:20:29.996Z] Returning 29 items to frontend
[2025-12-31T08:20:30.010Z] Fetching queue for user: 695415623590f72a49bfe54b
[2025-12-31T08:20:30.037Z] Found 29 pending records in DB
[2025-12-31T08:20:30.037Z] Returning 29 items to frontend
[2025-12-31T08:20:36.088Z] Fetching queue for user: 695415623590f72a49bfe54b
[2025-12-31T08:20:36.114Z] Found 29 pending records in DB
[2025-12-31T08:20:36.114Z] Returning 29 items to frontend
[2025-12-31T08:21:40.837Z] Fetching queue for user: 695415623590f72a49bfe54b
[2025-12-31T08:21:40.902Z] Found 29 pending records in DB
[2025-12-31T08:21:40.902Z] Returning 29 items to frontend
[2025-12-31T08:21:40.918Z] Fetching queue for user: 695415623590f72a49bfe54b
[2025-12-31T08:21:40.958Z] Found 29 pending records in DB
[2025-12-31T08:21:40.959Z] Returning 29 items to frontend
[2025-12-31T08:21:40.985Z] Fetching queue for user: 695415623590f72a49bfe54b
[2025-12-31T08:21:41.027Z] Found 29 pending records in DB
[2025-12-31T08:21:41.027Z] Returning 29 items to frontend
[2025-12-31T08:21:41.039Z] Fetching queue for user: 695415623590f72a49bfe54b
[2025-12-31T08:21:41.084Z] Found 29 pending records in DB
[2025-12-31T08:21:41.084Z] Returning 29 items to frontend
[2025-12-31T11:15:50.166Z] [BulkUpsolve] Starting strict focus sync for cosmicnexus
[2025-12-31T11:15:52.055Z] BulkUpsolve Focused Sync finished. Added: 0, Trashed/Synced: 0
[2025-12-31T11:15:52.079Z] Fetching queue for user: 695415623590f72a49bfe54b
[2025-12-31T11:15:52.114Z] Found 29 pending records in DB
[2025-12-31T11:15:52.114Z] Returning 29 items to frontend
[2025-12-31T11:17:13.746Z] Fetching queue for user: 695415623590f72a49bfe54b
[2025-12-31T11:17:13.779Z] Found 29 pending records in DB
[2025-12-31T11:17:13.779Z] Returning 29 items to frontend
[2025-12-31T11:19:15.736Z] Fetching queue for user: 695415623590f72a49bfe54b
[2025-12-31T11:19:15.773Z] Found 29 pending records in DB
[2025-12-31T11:19:15.774Z] Returning 29 items to frontend
[2025-12-31T11:19:15.785Z] Fetching queue for user: 695415623590f72a49bfe54b
[2025-12-31T11:19:15.810Z] Found 29 pending records in DB
[2025-12-31T11:19:15.810Z] Returning 29 items to frontend
[2025-12-31T11:19:22.589Z] Fetching queue for user: 695415623590f72a49bfe54b
[2025-12-31T11:19:22.623Z] Found 29 pending records in DB
[2025-12-31T11:19:22.624Z] Returning 29 items to frontend
[2025-12-31T11:19:23.683Z] Fetching queue for user: 695415623590f72a49bfe54b
[2025-12-31T11:19:23.710Z] Found 29 pending records in DB
[2025-12-31T11:19:23.710Z] Returning 29 items to frontend
[2025-12-31T11:19:24.439Z] Fetching queue for user: 695415623590f72a49bfe54b
[2025-12-31T11:19:24.484Z] Found 29 pending records in DB
[2025-12-31T11:19:24.484Z] Returning 29 items to frontend
[2025-12-31T11:20:43.197Z] [REQUEST] GET /api/auth/me
[2025-12-31T11:20:43.229Z] [REQUEST] GET /api/auth/me
[2025-12-31T11:20:43.232Z] [REQUEST] GET /api/student/group-problems
[2025-12-31T11:20:43.233Z] [REQUEST] GET /api/student/upsolve-queue
[2025-12-31T11:20:43.234Z] [REQUEST] GET /api/student/my-stats
[2025-12-31T11:20:43.236Z] [REQUEST] GET /api/student/participated-contests
[2025-12-31T11:20:43.257Z] Fetching queue for user: 695415623590f72a49bfe54b
[2025-12-31T11:20:43.261Z] [REQUEST] GET /api/student/group-problems
[2025-12-31T11:20:43.301Z] Found 29 pending records in DB
[2025-12-31T11:20:43.301Z] Returning 29 items to frontend
[2025-12-31T11:20:43.305Z] [REQUEST] GET /api/student/upsolve-queue
[2025-12-31T11:20:43.315Z] Fetching queue for user: 695415623590f72a49bfe54b
[2025-12-31T11:20:43.348Z] Found 29 pending records in DB
[2025-12-31T11:20:43.348Z] Returning 29 items to frontend
[2025-12-31T11:20:43.384Z] [REQUEST] GET /api/student/my-stats
[2025-12-31T11:20:43.697Z] [REQUEST] GET /api/student/participated-contests
[2025-12-31T11:21:46.355Z] [REQUEST] GET /api/student/group-problems
[2025-12-31T11:21:46.394Z] [REQUEST] GET /api/student/upsolve-queue
[2025-12-31T11:21:46.396Z] [REQUEST] GET /api/student/my-stats
[2025-12-31T11:21:46.397Z] [REQUEST] GET /api/student/participated-contests
[2025-12-31T11:21:46.411Z] Fetching queue for user: 695415623590f72a49bfe54b
[2025-12-31T11:21:46.443Z] Found 29 pending records in DB
[2025-12-31T11:21:46.443Z] Returning 29 items to frontend
[2025-12-31T11:21:51.740Z] [REQUEST] GET /api/auth/me
[2025-12-31T11:21:51.877Z] [REQUEST] GET /api/auth/me
[2025-12-31T11:22:12.849Z] [REQUEST] OPTIONS /api/auth/register
[2025-12-31T11:22:12.852Z] [REQUEST] POST /api/auth/register
[2025-12-31T11:22:13.111Z] [REQUEST] GET /api/student/upsolve-queue
[2025-12-31T11:22:13.142Z] [REQUEST] GET /api/student/my-stats
[2025-12-31T11:22:13.146Z] [REQUEST] GET /api/student/group-problems
[2025-12-31T11:22:13.159Z] Fetching queue for user: 6955076404d88856594eb5f6
[2025-12-31T11:22:13.183Z] [REQUEST] GET /api/student/participated-contests
[2025-12-31T11:22:13.188Z] Found 0 pending records in DB
[2025-12-31T11:22:13.188Z] Returning 0 items to frontend
[2025-12-31T11:22:13.193Z] [REQUEST] GET /api/student/upsolve-queue
[2025-12-31T11:22:13.198Z] [REQUEST] GET /api/student/group-problems
[2025-12-31T11:22:13.205Z] [REQUEST] GET /api/student/participated-contests
[2025-12-31T11:22:13.211Z] Fetching queue for user: 6955076404d88856594eb5f6
[2025-12-31T11:22:13.218Z] [REQUEST] GET /api/student/my-stats
[2025-12-31T11:22:13.224Z] Found 0 pending records in DB
[2025-12-31T11:22:13.225Z] Returning 0 items to frontend
[2025-12-31T11:22:23.453Z] [REQUEST] POST /api/auth/logout
[2025-12-31T11:22:35.557Z] [REQUEST] GET /api/auth/me
[2025-12-31T11:22:35.564Z] [REQUEST] GET /api/auth/me
[2025-12-31T11:22:57.201Z] [REQUEST] OPTIONS /api/auth/register
[2025-12-31T11:22:57.208Z] [REQUEST] POST /api/auth/register
[2025-12-31T11:22:57.693Z] [REQUEST] GET /api/mentor/groups
[2025-12-31T11:22:57.821Z] [REQUEST] GET /api/mentor/groups
[2025-12-31T11:24:14.916Z] [REQUEST] OPTIONS /api/mentor/create-group
[2025-12-31T11:24:14.924Z] [REQUEST] POST /api/mentor/create-group
[2025-12-31T11:24:15.055Z] [REQUEST] GET /api/mentor/groups
[2025-12-31T11:25:32.955Z] [REQUEST] GET /api/auth/me
[2025-12-31T11:25:33.011Z] [REQUEST] GET /api/auth/me
[2025-12-31T11:25:43.764Z] [REQUEST] OPTIONS /api/auth/login
[2025-12-31T11:25:43.804Z] [REQUEST] POST /api/auth/login
[2025-12-31T11:25:44.126Z] [REQUEST] GET /api/student/upsolve-queue
[2025-12-31T11:25:44.130Z] [REQUEST] GET /api/student/my-stats
[2025-12-31T11:25:44.134Z] [REQUEST] GET /api/student/group-problems
[2025-12-31T11:25:44.140Z] Fetching queue for user: 6955076404d88856594eb5f6
[2025-12-31T11:25:44.142Z] [REQUEST] GET /api/student/participated-contests
[2025-12-31T11:25:44.152Z] Found 0 pending records in DB
[2025-12-31T11:25:44.152Z] Returning 0 items to frontend
[2025-12-31T11:25:44.154Z] [REQUEST] GET /api/student/group-problems
[2025-12-31T11:25:44.162Z] [REQUEST] GET /api/student/upsolve-queue
[2025-12-31T11:25:44.177Z] [REQUEST] GET /api/student/participated-contests
[2025-12-31T11:25:44.183Z] Fetching queue for user: 6955076404d88856594eb5f6
[2025-12-31T11:25:44.188Z] [REQUEST] GET /api/student/my-stats
[2025-12-31T11:25:44.198Z] Found 0 pending records in DB
[2025-12-31T11:25:44.199Z] Returning 0 items to frontend
[2025-12-31T11:27:04.372Z] [REQUEST] GET /api/student/group-problems
[2025-12-31T11:27:04.393Z] [REQUEST] GET /api/student/upsolve-queue
[2025-12-31T11:27:04.394Z] [REQUEST] GET /api/student/my-stats
[2025-12-31T11:27:04.396Z] [REQUEST] GET /api/student/participated-contests
[2025-12-31T11:27:04.410Z] Fetching queue for user: 6955076404d88856594eb5f6
[2025-12-31T11:27:04.421Z] Found 0 pending records in DB
[2025-12-31T11:27:04.421Z] Returning 0 items to frontend
[2025-12-31T11:27:17.155Z] [REQUEST] POST /api/student/bulk-upsolve
[2025-12-31T11:27:19.643Z] [REQUEST] POST /api/student/bulk-upsolve
[2025-12-31T11:28:25.486Z] [REQUEST] GET /api/student/group-problems
[2025-12-31T11:28:25.505Z] [REQUEST] GET /api/student/upsolve-queue
[2025-12-31T11:28:25.507Z] [REQUEST] GET /api/student/participated-contests
[2025-12-31T11:28:25.510Z] [REQUEST] GET /api/student/my-stats
[2025-12-31T11:28:25.521Z] Fetching queue for user: 6955076404d88856594eb5f6
[2025-12-31T11:28:25.523Z] [REQUEST] GET /api/student/group-problems
[2025-12-31T11:28:25.531Z] Found 0 pending records in DB
[2025-12-31T11:28:25.531Z] Returning 0 items to frontend
[2025-12-31T11:28:26.891Z] [REQUEST] GET /api/auth/me
[2025-12-31T11:28:26.902Z] [REQUEST] GET /api/auth/me
[2025-12-31T11:28:26.905Z] [REQUEST] GET /api/student/upsolve-queue
[2025-12-31T11:28:26.907Z] [REQUEST] GET /api/student/my-stats
[2025-12-31T11:28:26.908Z] [REQUEST] GET /api/student/group-problems
[2025-12-31T11:28:26.909Z] [REQUEST] GET /api/student/participated-contests
[2025-12-31T11:28:26.921Z] Fetching queue for user: 6955076404d88856594eb5f6
[2025-12-31T11:28:26.925Z] [REQUEST] GET /api/student/participated-contests
[2025-12-31T11:28:26.926Z] [REQUEST] GET /api/student/group-problems
[2025-12-31T11:28:26.931Z] Found 0 pending records in DB
[2025-12-31T11:28:26.931Z] Returning 0 items to frontend
[2025-12-31T11:28:26.932Z] [REQUEST] GET /api/student/upsolve-queue
[2025-12-31T11:28:26.939Z] [REQUEST] GET /api/student/group-problems
[2025-12-31T11:28:26.942Z] [REQUEST] GET /api/student/my-stats
[2025-12-31T11:28:26.945Z] Fetching queue for user: 6955076404d88856594eb5f6
[2025-12-31T11:28:26.950Z] [REQUEST] GET /api/student/group-problems
[2025-12-31T11:28:26.955Z] Found 0 pending records in DB
[2025-12-31T11:28:26.955Z] Returning 0 items to frontend
[2025-12-31T11:28:28.397Z] [REQUEST] POST /api/auth/logout
[2025-12-31T11:28:32.306Z] [REQUEST] OPTIONS /api/auth/login
[2025-12-31T11:28:32.309Z] [REQUEST] POST /api/auth/login
[2025-12-31T11:28:32.440Z] [REQUEST] GET /api/student/upsolve-queue
[2025-12-31T11:28:32.444Z] [REQUEST] GET /api/student/group-problems
[2025-12-31T11:28:32.445Z] [REQUEST] GET /api/student/my-stats
[2025-12-31T11:28:32.445Z] [REQUEST] GET /api/student/participated-contests
[2025-12-31T11:28:32.452Z] Fetching queue for user: 695415623590f72a49bfe54b
[2025-12-31T11:28:32.469Z] [REQUEST] GET /api/student/group-problems
[2025-12-31T11:28:32.483Z] Found 29 pending records in DB
[2025-12-31T11:28:32.484Z] Returning 29 items to frontend
[2025-12-31T11:28:32.486Z] [REQUEST] GET /api/student/upsolve-queue
[2025-12-31T11:28:32.488Z] [REQUEST] GET /api/student/group-problems
[2025-12-31T11:28:32.488Z] [REQUEST] GET /api/student/my-stats
[2025-12-31T11:28:32.496Z] Fetching queue for user: 695415623590f72a49bfe54b
[2025-12-31T11:28:32.503Z] [REQUEST] GET /api/student/group-problems
[2025-12-31T11:28:32.523Z] Found 29 pending records in DB
[2025-12-31T11:28:32.524Z] Returning 29 items to frontend
[2025-12-31T11:28:32.857Z] [REQUEST] GET /api/student/participated-contests
[2025-12-31T11:28:33.891Z] [REQUEST] POST /api/student/bulk-upsolve
[2025-12-31T11:28:33.906Z] [BulkUpsolve] Starting strict focus sync for cosmicnexus
[2025-12-31T11:28:37.101Z] BulkUpsolve Focused Sync finished. Added: 0, Trashed/Synced: 0
[2025-12-31T11:28:37.118Z] [REQUEST] GET /api/student/group-problems
[2025-12-31T11:28:37.119Z] [REQUEST] GET /api/student/upsolve-queue
[2025-12-31T11:28:37.120Z] [REQUEST] GET /api/student/my-stats
[2025-12-31T11:28:37.121Z] [REQUEST] GET /api/student/participated-contests
[2025-12-31T11:28:37.135Z] Fetching queue for user: 695415623590f72a49bfe54b
[2025-12-31T11:28:37.170Z] Found 29 pending records in DB
[2025-12-31T11:28:37.171Z] Returning 29 items to frontend
[2025-12-31T11:29:03.423Z] [REQUEST] GET /api/student/group-problems
[2025-12-31T11:29:03.432Z] [REQUEST] GET /api/student/upsolve-queue
[2025-12-31T11:29:03.448Z] [REQUEST] GET /api/student/my-stats
[2025-12-31T11:29:03.451Z] Fetching queue for user: 695415623590f72a49bfe54b
[2025-12-31T11:29:03.452Z] [REQUEST] GET /api/student/group-problems
[2025-12-31T11:29:03.454Z] [REQUEST] GET /api/student/participated-contests
[2025-12-31T11:29:03.482Z] Found 29 pending records in DB
[2025-12-31T11:29:03.483Z] Returning 29 items to frontend
[2025-12-31T11:29:58.570Z] [REQUEST] GET /api/mentor/group-stats/6954d8ae2691e8272c0daa6b
[2025-12-31T11:30:15.961Z] [REQUEST] GET /api/student/my-contests
[2025-12-31T11:30:15.980Z] [REQUEST] GET /api/student/upsolve-queue
[2025-12-31T11:30:15.982Z] [REQUEST] GET /api/student/my-stats
[2025-12-31T11:30:15.983Z] [REQUEST] GET /api/student/participated-contests
[2025-12-31T11:30:15.985Z] [REQUEST] GET /api/student/group-problems
[2025-12-31T11:30:15.991Z] Fetching queue for user: 695415623590f72a49bfe54b
[2025-12-31T11:30:16.009Z] [REQUEST] GET /api/student/group-problems
[2025-12-31T11:30:16.020Z] Found 29 pending records in DB
[2025-12-31T11:30:16.020Z] Returning 29 items to frontend
[2025-12-31T11:30:16.023Z] [REQUEST] GET /api/student/upsolve-queue
[2025-12-31T11:30:16.025Z] [REQUEST] GET /api/student/group-problems
[2025-12-31T11:30:16.028Z] [REQUEST] GET /api/student/my-stats
[2025-12-31T11:30:16.041Z] Fetching queue for user: 695415623590f72a49bfe54b
[2025-12-31T11:30:16.042Z] [REQUEST] GET /api/student/group-problems
[2025-12-31T11:30:16.064Z] [REQUEST] GET /api/student/group-problems
[2025-12-31T11:30:16.076Z] Found 29 pending records in DB
[2025-12-31T11:30:16.077Z] Returning 29 items to frontend
[2025-12-31T11:30:16.092Z] [REQUEST] GET /api/student/upsolve-queue
[2025-12-31T11:30:16.093Z] [REQUEST] GET /api/student/group-problems
[2025-12-31T11:30:16.094Z] [REQUEST] GET /api/student/my-contests
[2025-12-31T11:30:16.096Z] [REQUEST] GET /api/student/my-stats
[2025-12-31T11:30:16.107Z] Fetching queue for user: 695415623590f72a49bfe54b
[2025-12-31T11:30:16.133Z] Found 29 pending records in DB
[2025-12-31T11:30:16.133Z] Returning 29 items to frontend
[2025-12-31T11:30:16.180Z] [REQUEST] GET /api/student/my-contests
[2025-12-31T11:30:16.414Z] [REQUEST] GET /api/student/participated-contests
[2025-12-31T11:30:16.784Z] [REQUEST] GET /api/student/participated-contests
[2025-12-31T11:30:33.753Z] [REQUEST] POST /api/student/bulk-upsolve
[2025-12-31T11:30:33.778Z] [BulkUpsolve] Starting strict focus sync for cosmicnexus
[2025-12-31T11:30:34.681Z] BulkUpsolve Focused Sync finished. Added: 0, Trashed/Synced: 0
[2025-12-31T11:30:34.686Z] [REQUEST] GET /api/student/group-problems
[2025-12-31T11:30:34.688Z] [REQUEST] GET /api/student/upsolve-queue
[2025-12-31T11:30:34.689Z] [REQUEST] GET /api/student/my-stats
[2025-12-31T11:30:34.689Z] [REQUEST] GET /api/student/my-contests
[2025-12-31T11:30:34.690Z] [REQUEST] GET /api/student/participated-contests
[2025-12-31T11:30:34.698Z] Fetching queue for user: 695415623590f72a49bfe54b
[2025-12-31T11:30:34.727Z] Found 29 pending records in DB
[2025-12-31T11:30:34.727Z] Returning 29 items to frontend
[2025-12-31T11:30:46.401Z] [REQUEST] POST /api/student/bulk-upsolve
[2025-12-31T11:30:46.418Z] [BulkUpsolve] Starting strict focus sync for cosmicnexus
[2025-12-31T11:30:47.316Z] BulkUpsolve Focused Sync finished. Added: 0, Trashed/Synced: 0
[2025-12-31T11:30:47.321Z] [REQUEST] GET /api/student/my-contests
[2025-12-31T11:30:47.323Z] [REQUEST] GET /api/student/upsolve-queue
[2025-12-31T11:30:47.324Z] [REQUEST] GET /api/student/my-stats
[2025-12-31T11:30:47.324Z] [REQUEST] GET /api/student/group-problems
[2025-12-31T11:30:47.325Z] [REQUEST] GET /api/student/participated-contests
[2025-12-31T11:30:47.333Z] Fetching queue for user: 695415623590f72a49bfe54b
[2025-12-31T11:30:47.362Z] Found 29 pending records in DB
[2025-12-31T11:30:47.363Z] Returning 29 items to frontend
[2025-12-31T11:30:48.140Z] [REQUEST] POST /api/student/bulk-upsolve
[2025-12-31T11:30:48.156Z] [BulkUpsolve] Starting strict focus sync for cosmicnexus
[2025-12-31T11:30:48.915Z] BulkUpsolve Focused Sync finished. Added: 0, Trashed/Synced: 0
[2025-12-31T11:30:48.923Z] [REQUEST] GET /api/student/my-contests
[2025-12-31T11:30:48.924Z] [REQUEST] GET /api/student/upsolve-queue
[2025-12-31T11:30:48.925Z] [REQUEST] GET /api/student/my-stats
[2025-12-31T11:30:48.926Z] [REQUEST] GET /api/student/participated-contests
[2025-12-31T11:30:48.927Z] [REQUEST] GET /api/student/group-problems
[2025-12-31T11:30:48.935Z] Fetching queue for user: 695415623590f72a49bfe54b
[2025-12-31T11:30:48.961Z] Found 29 pending records in DB
[2025-12-31T11:30:48.962Z] Returning 29 items to frontend
[2025-12-31T11:30:49.452Z] [REQUEST] POST /api/student/bulk-upsolve
[2025-12-31T11:30:49.465Z] [BulkUpsolve] Starting strict focus sync for cosmicnexus
[2025-12-31T11:30:50.243Z] BulkUpsolve Focused Sync finished. Added: 0, Trashed/Synced: 0
[2025-12-31T11:30:50.250Z] [REQUEST] GET /api/student/my-contests
[2025-12-31T11:30:50.251Z] [REQUEST] GET /api/student/upsolve-queue
[2025-12-31T11:30:50.252Z] [REQUEST] GET /api/student/my-stats
[2025-12-31T11:30:50.252Z] [REQUEST] GET /api/student/group-problems
[2025-12-31T11:30:50.253Z] [REQUEST] GET /api/student/participated-contests
[2025-12-31T11:30:50.275Z] Fetching queue for user: 695415623590f72a49bfe54b
[2025-12-31T11:30:50.307Z] Found 29 pending records in DB
[2025-12-31T11:30:50.307Z] Returning 29 items to frontend
[2025-12-31T11:31:03.832Z] [REQUEST] GET /api/student/upsolve-queue
[2025-12-31T11:31:03.837Z] [REQUEST] GET /api/student/group-problems
[2025-12-31T11:31:03.839Z] [REQUEST] GET /api/student/my-stats
[2025-12-31T11:31:03.840Z] [REQUEST] GET /api/student/participated-contests
[2025-12-31T11:31:03.848Z] Fetching queue for user: 695415623590f72a49bfe54b
[2025-12-31T11:31:03.877Z] [REQUEST] GET /api/student/group-problems
[2025-12-31T11:31:03.891Z] [REQUEST] GET /api/student/group-problems
[2025-12-31T11:31:03.896Z] [REQUEST] GET /api/student/my-stats
[2025-12-31T11:31:03.913Z] Found 29 pending records in DB
[2025-12-31T11:31:03.913Z] Returning 29 items to frontend
[2025-12-31T11:31:03.919Z] [REQUEST] GET /api/student/upsolve-queue
[2025-12-31T11:31:03.922Z] [REQUEST] GET /api/student/group-problems
[2025-12-31T11:31:03.950Z] Fetching queue for user: 695415623590f72a49bfe54b
[2025-12-31T11:31:03.957Z] [REQUEST] GET /api/student/group-problems
[2025-12-31T11:31:03.974Z] [REQUEST] GET /api/student/my-stats
[2025-12-31T11:31:03.979Z] [REQUEST] GET /api/student/group-problems
[2025-12-31T11:31:03.996Z] Found 29 pending records in DB
[2025-12-31T11:31:03.996Z] Returning 29 items to frontend
[2025-12-31T11:31:04.012Z] [REQUEST] GET /api/student/upsolve-queue
[2025-12-31T11:31:04.051Z] Fetching queue for user: 695415623590f72a49bfe54b
[2025-12-31T11:31:04.098Z] Found 29 pending records in DB
[2025-12-31T11:31:04.099Z] Returning 29 items to frontend
[2025-12-31T11:31:04.269Z] [REQUEST] GET /api/student/participated-contests
[2025-12-31T11:31:04.651Z] [REQUEST] GET /api/student/participated-contests
[2025-12-31T11:31:16.545Z] [BulkUpsolve] Starting strict focus sync for cosmicnexus
[2025-12-31T11:31:18.249Z] BulkUpsolve Focused Sync finished. Added: 0, Trashed/Synced: 0
[2025-12-31T11:31:18.266Z] Fetching queue for user: 695415623590f72a49bfe54b
[2025-12-31T11:31:18.291Z] Found 29 pending records in DB
[2025-12-31T11:31:18.291Z] Returning 29 items to frontend
[2025-12-31T11:35:00.908Z] Fetching queue for user: 695415623590f72a49bfe54b
[2025-12-31T11:35:00.984Z] Found 29 pending records in DB
[2025-12-31T11:35:00.985Z] Returning 29 items to frontend
[2025-12-31T11:35:01.028Z] Fetching queue for user: 695415623590f72a49bfe54b
[2025-12-31T11:35:01.067Z] Found 29 pending records in DB
[2025-12-31T11:35:01.067Z] Returning 29 items to frontend
[2025-12-31T11:35:10.894Z] Fetching queue for user: 695415623590f72a49bfe54b
[2025-12-31T11:35:10.924Z] Found 29 pending records in DB
[2025-12-31T11:35:10.924Z] Returning 29 items to frontend
[2025-12-31T11:35:10.934Z] Fetching queue for user: 695415623590f72a49bfe54b
[2025-12-31T11:35:10.969Z] Found 29 pending records in DB
[2025-12-31T11:35:10.969Z] Returning 29 items to frontend
[2025-12-31T11:35:14.788Z] Fetching queue for user: 695415623590f72a49bfe54b
[2025-12-31T11:35:14.830Z] Found 29 pending records in DB
[2025-12-31T11:35:14.831Z] Returning 29 items to frontend
[2025-12-31T11:35:28.383Z] Fetching queue for user: 695415623590f72a49bfe54b
[2025-12-31T11:35:28.412Z] Found 29 pending records in DB
[2025-12-31T11:35:28.412Z] Returning 29 items to frontend
[2025-12-31T11:35:29.358Z] Fetching queue for user: 695415623590f72a49bfe54b
[2025-12-31T11:35:29.383Z] Found 29 pending records in DB
[2025-12-31T11:35:29.383Z] Returning 29 items to frontend
[2025-12-31T11:35:30.282Z] Fetching queue for user: 695415623590f72a49bfe54b
[2025-12-31T11:35:30.303Z] Found 29 pending records in DB
[2025-12-31T11:35:30.303Z] Returning 29 items to frontend
[2025-12-31T11:35:30.995Z] Fetching queue for user: 695415623590f72a49bfe54b
[2025-12-31T11:35:31.026Z] Found 29 pending records in DB
[2025-12-31T11:35:31.027Z] Returning 29 items to frontend
[2025-12-31T11:35:31.750Z] Fetching queue for user: 695415623590f72a49bfe54b
[2025-12-31T11:35:31.775Z] Found 29 pending records in DB
[2025-12-31T11:35:31.776Z] Returning 29 items to frontend
[2025-12-31T11:35:32.933Z] Fetching queue for user: 695415623590f72a49bfe54b
[2025-12-31T11:35:32.979Z] Found 29 pending records in DB
[2025-12-31T11:35:32.979Z] Returning 29 items to frontend
[2025-12-31T11:35:48.571Z] Fetching queue for user: 695415623590f72a49bfe54b
[2025-12-31T11:35:48.614Z] Found 29 pending records in DB
[2025-12-31T11:35:48.614Z] Returning 29 items to frontend
[2025-12-31T11:37:23.640Z] Fetching queue for user: 695415623590f72a49bfe54b
[2025-12-31T11:37:23.666Z] Found 29 pending records in DB
[2025-12-31T11:37:23.666Z] Returning 29 items to frontend
[2025-12-31T11:37:24.805Z] Fetching queue for user: 695415623590f72a49bfe54b
[2025-12-31T11:37:24.835Z] Found 29 pending records in DB
[2025-12-31T11:37:24.836Z] Returning 29 items to frontend
[2025-12-31T11:37:25.592Z] Fetching queue for user: 695415623590f72a49bfe54b
[2025-12-31T11:37:25.636Z] Found 29 pending records in DB
[2025-12-31T11:37:25.637Z] Returning 29 items to frontend
[2025-12-31T11:37:26.239Z] Fetching queue for user: 695415623590f72a49bfe54b
[2025-12-31T11:37:26.269Z] Found 29 pending records in DB
[2025-12-31T11:37:26.269Z] Returning 29 items to frontend
[2025-12-31T11:37:26.940Z] Fetching queue for user: 695415623590f72a49bfe54b
[2025-12-31T11:37:26.971Z] Found 29 pending records in DB
[2025-12-31T11:37:26.972Z] Returning 29 items to frontend
[2025-12-31T11:37:27.505Z] Fetching queue for user: 695415623590f72a49bfe54b
[2025-12-31T11:37:27.533Z] Found 29 pending records in DB
[2025-12-31T11:37:27.533Z] Returning 29 items to frontend
[2025-12-31T11:37:28.425Z] Fetching queue for user: 695415623590f72a49bfe54b
[2025-12-31T11:37:28.448Z] Found 29 pending records in DB
[2025-12-31T11:37:28.449Z] Returning 29 items to frontend
[2025-12-31T11:37:29.174Z] Fetching queue for user: 695415623590f72a49bfe54b
[2025-12-31T11:37:29.197Z] Found 29 pending records in DB
[2025-12-31T11:37:29.197Z] Returning 29 items to frontend
[2025-12-31T11:37:29.721Z] Fetching queue for user: 695415623590f72a49bfe54b
[2025-12-31T11:37:29.752Z] Found 29 pending records in DB
[2025-12-31T11:37:29.752Z] Returning 29 items to frontend
[2025-12-31T11:37:30.261Z] Fetching queue for user: 695415623590f72a49bfe54b
[2025-12-31T11:37:30.297Z] Found 29 pending records in DB
[2025-12-31T11:37:30.297Z] Returning 29 items to frontend
[2025-12-31T11:37:31.044Z] Fetching queue for user: 695415623590f72a49bfe54b
[2025-12-31T11:37:31.077Z] Found 29 pending records in DB
[2025-12-31T11:37:31.078Z] Returning 29 items to frontend
[2025-12-31T11:37:31.643Z] Fetching queue for user: 695415623590f72a49bfe54b
[2025-12-31T11:37:31.673Z] Found 29 pending records in DB
[2025-12-31T11:37:31.673Z] Returning 29 items to frontend
[2025-12-31T11:37:37.732Z] Fetching queue for user: 695415623590f72a49bfe54b
[2025-12-31T11:37:37.763Z] Found 29 pending records in DB
[2025-12-31T11:37:37.763Z] Returning 29 items to frontend
[2025-12-31T11:40:59.539Z] Fetching queue for user: 695415623590f72a49bfe54b
[2025-12-31T11:40:59.577Z] Found 29 pending records in DB
[2025-12-31T11:40:59.578Z] Returning 29 items to frontend
[2025-12-31T11:41:59.197Z] [BulkUpsolve] Starting strict focus sync for cosmicnexus
[2025-12-31T11:42:00.960Z] BulkUpsolve Focused Sync finished. Added: 0, Trashed/Synced: 0
[2025-12-31T11:42:00.981Z] Fetching queue for user: 695415623590f72a49bfe54b
[2025-12-31T11:42:01.015Z] Found 29 pending records in DB
[2025-12-31T11:42:01.016Z] Returning 29 items to frontend
[2025-12-31T11:54:36.217Z] Fetching queue for user: 6954124375838d32f57997ad
[2025-12-31T11:54:36.231Z] Found 0 pending records in DB
[2025-12-31T11:54:36.231Z] Returning 0 items to frontend
[2025-12-31T11:54:36.275Z] Fetching queue for user: 6954124375838d32f57997ad
[2025-12-31T11:54:36.286Z] Found 0 pending records in DB
[2025-12-31T11:54:36.286Z] Returning 0 items to frontend
[2025-12-31T11:56:46.694Z] Fetching queue for user: 695415623590f72a49bfe54b
[2025-12-31T11:56:46.743Z] Found 29 pending records in DB
[2025-12-31T11:56:46.744Z] Returning 29 items to frontend
[2025-12-31T11:56:46.757Z] Fetching queue for user: 695415623590f72a49bfe54b
[2025-12-31T11:56:46.799Z] Found 29 pending records in DB
[2025-12-31T11:56:46.800Z] Returning 29 items to frontend
[2025-12-31T11:56:48.251Z] Fetching queue for user: 695415623590f72a49bfe54b
[2025-12-31T11:56:48.279Z] Found 29 pending records in DB
[2025-12-31T11:56:48.279Z] Returning 29 items to frontend
[2025-12-31T11:56:50.702Z] Fetching queue for user: 695415623590f72a49bfe54b
[2025-12-31T11:56:50.732Z] Found 29 pending records in DB
[2025-12-31T11:56:50.732Z] Returning 29 items to frontend
[2025-12-31T11:56:51.676Z] Fetching queue for user: 695415623590f72a49bfe54b
[2025-12-31T11:56:51.715Z] Found 29 pending records in DB
[2025-12-31T11:56:51.715Z] Returning 29 items to frontend
[2025-12-31T11:59:38.615Z] Fetching queue for user: 695415623590f72a49bfe54b
[2025-12-31T11:59:38.802Z] Found 29 pending records in DB
[2025-12-31T11:59:38.802Z] Returning 29 items to frontend
[2025-12-31T11:59:38.855Z] Fetching queue for user: 695415623590f72a49bfe54b
[2025-12-31T11:59:38.909Z] Found 29 pending records in DB
[2025-12-31T11:59:38.910Z] Returning 29 items to frontend
[2025-12-31T12:00:46.500Z] Fetching queue for user: 695415623590f72a49bfe54b
[2025-12-31T12:00:46.697Z] Found 29 pending records in DB
[2025-12-31T12:00:46.698Z] Returning 29 items to frontend
[2025-12-31T12:00:46.860Z] Fetching queue for user: 695415623590f72a49bfe54b
[2025-12-31T12:00:46.919Z] Found 29 pending records in DB
[2025-12-31T12:00:46.920Z] Returning 29 items to frontend
[2025-12-31T12:01:42.069Z] Fetching queue for user: 695415623590f72a49bfe54b
[2025-12-31T12:01:42.100Z] Found 29 pending records in DB
[2025-12-31T12:01:42.100Z] Returning 29 items to frontend
[2025-12-31T12:03:10.892Z] Fetching queue for user: 695415623590f72a49bfe54b
[2025-12-31T12:03:11.021Z] Found 29 pending records in DB
[2025-12-31T12:03:11.023Z] Returning 29 items to frontend
[2025-12-31T12:03:11.118Z] Fetching queue for user: 695415623590f72a49bfe54b
[2025-12-31T12:03:11.183Z] Found 29 pending records in DB
[2025-12-31T12:03:11.183Z] Returning 29 items to frontend
